[1111/101209.059:ERROR:process_reader_win.cc(123)] NtOpenThread: {Access Denied} A process has requested access to an object, but has not been granted those access rights. (0xc0000022)
[1111/101209.061:ERROR:exception_snapshot_win.cc(98)] thread ID 14760 not found in process
[0505/154247.348:ERROR:process_reader_win.cc(123)] NtOpenThread: {Access Denied} A process has requested access to an object, but has not been granted those access rights. (0xc0000022)
[0505/154247.350:ERROR:exception_snapshot_win.cc(98)] thread ID 21252 not found in process
[0505/154247.364:ERROR:process_reader_win.cc(123)] NtOpenThread: {Access Denied} A process has requested access to an object, but has not been granted those access rights. (0xc0000022)
[0505/154247.365:ERROR:exception_snapshot_win.cc(98)] thread ID 15672 not found in process
[0518/150539.756:ERROR:process_reader_win.cc(123)] NtOpenThread: {Access Denied} A process has requested access to an object, but has not been granted those access rights. (0xc0000022)
[0518/150539.761:ERROR:exception_snapshot_win.cc(98)] thread ID 7488 not found in process
[0518/150539.796:ERROR:process_reader_win.cc(151)] SuspendThread: Access is denied. (0x5)
[0518/150539.796:ERROR:process_reader_win.cc(151)] SuspendThread: Access is denied. (0x5)
[0518/150539.796:ERROR:process_reader_win.cc(151)] SuspendThread: Access is denied. (0x5)
[0518/150539.796:ERROR:process_reader_win.cc(151)] SuspendThread: Access is denied. (0x5)
[0518/150539.796:ERROR:process_reader_win.cc(151)] SuspendThread: Access is denied. (0x5)
[0518/150539.796:ERROR:process_reader_win.cc(123)] NtOpenThread: {Access Denied} A process has requested access to an object, but has not been granted those access rights. (0xc0000022)
[0518/150539.796:ERROR:exception_snapshot_win.cc(98)] thread ID 12180 not found in process
[0518/151538.621:ERROR:process_reader_win.cc(123)] NtOpenThread: {Access Denied} A process has requested access to an object, but has not been granted those access rights. (0xc0000022)
[0518/151538.622:ERROR:exception_snapshot_win.cc(98)] thread ID 12992 not found in process
[0518/151538.637:ERROR:process_reader_win.cc(123)] NtOpenThread: {Access Denied} A process has requested access to an object, but has not been granted those access rights. (0xc0000022)
[0518/151538.637:ERROR:exception_snapshot_win.cc(98)] thread ID 12996 not found in process
[0520/103015.156:ERROR:process_reader_win.cc(151)] SuspendThread: Access is denied. (0x5)
[0520/103015.166:ERROR:process_reader_win.cc(151)] SuspendThread: Access is denied. (0x5)
[0520/103015.166:ERROR:process_reader_win.cc(123)] NtOpenThread: {Access Denied} A process has requested access to an object, but has not been granted those access rights. (0xc0000022)
[0520/103015.168:ERROR:exception_snapshot_win.cc(98)] thread ID 8892 not found in process
[0520/103015.169:ERROR:process_reader_win.cc(123)] NtOpenThread: {Access Denied} A process has requested access to an object, but has not been granted those access rights. (0xc0000022)
[0520/103015.169:ERROR:exception_snapshot_win.cc(98)] thread ID 6520 not found in process
[0520/140850.323:ERROR:process_reader_win.cc(151)] SuspendThread: Access is denied. (0x5)
[0520/140850.335:ERROR:process_reader_win.cc(151)] SuspendThread: Access is denied. (0x5)
[0520/140850.336:ERROR:process_reader_win.cc(123)] NtOpenThread: {Access Denied} A process has requested access to an object, but has not been granted those access rights. (0xc0000022)
[0520/140850.336:ERROR:exception_snapshot_win.cc(98)] thread ID 15508 not found in process
[0520/140850.345:ERROR:process_reader_win.cc(123)] NtOpenThread: {Access Denied} A process has requested access to an object, but has not been granted those access rights. (0xc0000022)
[0520/140850.345:ERROR:exception_snapshot_win.cc(98)] thread ID 12760 not found in process
[0520/141011.429:ERROR:process_reader_win.cc(123)] NtOpenThread: {Access Denied} A process has requested access to an object, but has not been granted those access rights. (0xc0000022)
[0520/141011.430:ERROR:exception_snapshot_win.cc(98)] thread ID 8696 not found in process
[0520/141011.457:ERROR:process_reader_win.cc(151)] SuspendThread: Access is denied. (0x5)
[0520/141011.457:ERROR:process_reader_win.cc(151)] SuspendThread: Access is denied. (0x5)
[0520/141011.457:ERROR:process_reader_win.cc(151)] SuspendThread: Access is denied. (0x5)
[0520/141011.457:ERROR:process_reader_win.cc(151)] SuspendThread: Access is denied. (0x5)
[0520/141011.457:ERROR:process_reader_win.cc(123)] NtOpenThread: {Access Denied} A process has requested access to an object, but has not been granted those access rights. (0xc0000022)
[0520/141011.457:ERROR:exception_snapshot_win.cc(98)] thread ID 13608 not found in process
[0520/144626.942:ERROR:process_reader_win.cc(151)] SuspendThread: Access is denied. (0x5)
[0520/144626.943:ERROR:process_reader_win.cc(151)] SuspendThread: Access is denied. (0x5)
[0520/144626.943:ERROR:process_reader_win.cc(123)] NtOpenThread: {Access Denied} A process has requested access to an object, but has not been granted those access rights. (0xc0000022)
[0520/144626.944:ERROR:exception_snapshot_win.cc(98)] thread ID 6224 not found in process
[0520/144626.968:ERROR:process_reader_win.cc(123)] NtOpenThread: {Access Denied} A process has requested access to an object, but has not been granted those access rights. (0xc0000022)
[0520/144626.968:ERROR:exception_snapshot_win.cc(98)] thread ID 9856 not found in process
[0520/145523.881:ERROR:process_reader_win.cc(123)] NtOpenThread: {Access Denied} A process has requested access to an object, but has not been granted those access rights. (0xc0000022)
[0520/145523.882:ERROR:exception_snapshot_win.cc(98)] thread ID 12324 not found in process
[0520/145523.886:ERROR:process_reader_win.cc(123)] NtOpenThread: {Access Denied} A process has requested access to an object, but has not been granted those access rights. (0xc0000022)
[0520/145523.887:ERROR:exception_snapshot_win.cc(98)] thread ID 15500 not found in process
[0520/150301.648:ERROR:process_reader_win.cc(151)] SuspendThread: Access is denied. (0x5)
[0520/150301.649:ERROR:process_reader_win.cc(151)] SuspendThread: Access is denied. (0x5)
[0520/150301.649:ERROR:process_reader_win.cc(123)] NtOpenThread: {Access Denied} A process has requested access to an object, but has not been granted those access rights. (0xc0000022)
[0520/150301.649:ERROR:exception_snapshot_win.cc(98)] thread ID 7312 not found in process
[0520/150301.659:ERROR:process_reader_win.cc(151)] SuspendThread: Access is denied. (0x5)
[0520/150301.659:ERROR:process_reader_win.cc(123)] NtOpenThread: {Access Denied} A process has requested access to an object, but has not been granted those access rights. (0xc0000022)
[0520/150301.659:ERROR:exception_snapshot_win.cc(98)] thread ID 5516 not found in process
[0520/150301.665:ERROR:process_reader_win.cc(151)] SuspendThread: Access is denied. (0x5)
[0520/150301.666:ERROR:process_reader_win.cc(151)] SuspendThread: Access is denied. (0x5)
[0520/150301.666:ERROR:process_reader_win.cc(151)] SuspendThread: Access is denied. (0x5)
[0520/150301.666:ERROR:process_reader_win.cc(151)] SuspendThread: Access is denied. (0x5)
[0520/150301.666:ERROR:process_reader_win.cc(123)] NtOpenThread: {Access Denied} A process has requested access to an object, but has not been granted those access rights. (0xc0000022)
[0520/150301.666:ERROR:exception_snapshot_win.cc(98)] thread ID 14040 not found in process
[0520/160116.337:ERROR:process_reader_win.cc(151)] SuspendThread: Access is denied. (0x5)
[0520/160116.338:ERROR:process_reader_win.cc(123)] NtOpenThread: {Access Denied} A process has requested access to an object, but has not been granted those access rights. (0xc0000022)
[0520/160116.338:ERROR:exception_snapshot_win.cc(98)] thread ID 15576 not found in process
[0520/160116.351:ERROR:process_reader_win.cc(151)] SuspendThread: Access is denied. (0x5)
[0520/160116.351:ERROR:process_reader_win.cc(151)] SuspendThread: Access is denied. (0x5)
[0520/160116.351:ERROR:process_reader_win.cc(151)] SuspendThread: Access is denied. (0x5)
[0520/160116.351:ERROR:process_reader_win.cc(151)] SuspendThread: Access is denied. (0x5)
[0520/160116.351:ERROR:process_reader_win.cc(123)] NtOpenThread: {Access Denied} A process has requested access to an object, but has not been granted those access rights. (0xc0000022)
[0520/160116.351:ERROR:exception_snapshot_win.cc(98)] thread ID 12036 not found in process
[0520/160116.355:ERROR:process_reader_win.cc(151)] SuspendThread: Access is denied. (0x5)
[0520/160116.355:ERROR:process_reader_win.cc(151)] SuspendThread: Access is denied. (0x5)
[0520/160116.355:ERROR:process_reader_win.cc(123)] NtOpenThread: {Access Denied} A process has requested access to an object, but has not been granted those access rights. (0xc0000022)
[0520/160116.355:ERROR:exception_snapshot_win.cc(98)] thread ID 11496 not found in process
[0520/172134.049:ERROR:process_reader_win.cc(151)] SuspendThread: Access is denied. (0x5)
[0520/172134.058:ERROR:process_reader_win.cc(151)] SuspendThread: Access is denied. (0x5)
[0520/172134.058:ERROR:process_reader_win.cc(123)] NtOpenThread: {Access Denied} A process has requested access to an object, but has not been granted those access rights. (0xc0000022)
[0520/172134.059:ERROR:exception_snapshot_win.cc(98)] thread ID 3200 not found in process
[0520/172134.061:ERROR:process_reader_win.cc(151)] SuspendThread: Access is denied. (0x5)
[0520/172134.062:ERROR:process_reader_win.cc(123)] NtOpenThread: {Access Denied} A process has requested access to an object, but has not been granted those access rights. (0xc0000022)
[0520/172134.062:ERROR:exception_snapshot_win.cc(98)] thread ID 16160 not found in process
[0520/172134.068:ERROR:process_reader_win.cc(151)] SuspendThread: Access is denied. (0x5)
[0520/172134.068:ERROR:process_reader_win.cc(151)] SuspendThread: Access is denied. (0x5)
[0520/172134.068:ERROR:process_reader_win.cc(151)] SuspendThread: Access is denied. (0x5)
[0520/172134.068:ERROR:process_reader_win.cc(151)] SuspendThread: Access is denied. (0x5)
[0520/172134.068:ERROR:process_reader_win.cc(151)] SuspendThread: Access is denied. (0x5)
[0520/172134.068:ERROR:process_reader_win.cc(123)] NtOpenThread: {Access Denied} A process has requested access to an object, but has not been granted those access rights. (0xc0000022)
[0520/172134.068:ERROR:exception_snapshot_win.cc(98)] thread ID 13112 not found in process
[0520/172426.945:ERROR:process_reader_win.cc(151)] SuspendThread: Access is denied. (0x5)
[0520/172426.946:ERROR:process_reader_win.cc(151)] SuspendThread: Access is denied. (0x5)
[0520/172426.946:ERROR:process_reader_win.cc(123)] NtOpenThread: {Access Denied} A process has requested access to an object, but has not been granted those access rights. (0xc0000022)
[0520/172426.946:ERROR:exception_snapshot_win.cc(98)] thread ID 13448 not found in process
[0520/172426.960:ERROR:process_reader_win.cc(151)] SuspendThread: Access is denied. (0x5)
[0520/172426.960:ERROR:process_reader_win.cc(123)] NtOpenThread: {Access Denied} A process has requested access to an object, but has not been granted those access rights. (0xc0000022)
[0520/172426.960:ERROR:exception_snapshot_win.cc(98)] thread ID 272 not found in process
[0520/172426.965:ERROR:process_reader_win.cc(151)] SuspendThread: Access is denied. (0x5)
[0520/172426.965:ERROR:process_reader_win.cc(151)] SuspendThread: Access is denied. (0x5)
[0520/172426.965:ERROR:process_reader_win.cc(151)] SuspendThread: Access is denied. (0x5)
[0520/172426.965:ERROR:process_reader_win.cc(151)] SuspendThread: Access is denied. (0x5)
[0520/172426.965:ERROR:process_reader_win.cc(151)] SuspendThread: Access is denied. (0x5)
[0520/172426.965:ERROR:process_reader_win.cc(123)] NtOpenThread: {Access Denied} A process has requested access to an object, but has not been granted those access rights. (0xc0000022)
[0520/172426.965:ERROR:exception_snapshot_win.cc(98)] thread ID 13780 not found in process
[0520/172600.595:ERROR:process_reader_win.cc(151)] SuspendThread: Access is denied. (0x5)
[0520/172600.595:ERROR:process_reader_win.cc(123)] NtOpenThread: {Access Denied} A process has requested access to an object, but has not been granted those access rights. (0xc0000022)
[0520/172600.595:ERROR:exception_snapshot_win.cc(98)] thread ID 10620 not found in process
[0520/172600.610:ERROR:process_reader_win.cc(151)] SuspendThread: Access is denied. (0x5)
[0520/172600.610:ERROR:process_reader_win.cc(151)] SuspendThread: Access is denied. (0x5)
[0520/172600.610:ERROR:process_reader_win.cc(151)] SuspendThread: Access is denied. (0x5)
[0520/172600.610:ERROR:process_reader_win.cc(151)] SuspendThread: Access is denied. (0x5)
[0520/172600.610:ERROR:process_reader_win.cc(151)] SuspendThread: Access is denied. (0x5)
[0520/172600.610:ERROR:process_reader_win.cc(151)] SuspendThread: Access is denied. (0x5)
[0520/172600.610:ERROR:process_reader_win.cc(123)] NtOpenThread: {Access Denied} A process has requested access to an object, but has not been granted those access rights. (0xc0000022)
[0520/172600.610:ERROR:exception_snapshot_win.cc(98)] thread ID 11388 not found in process
[0525/142631.321:ERROR:process_reader_win.cc(123)] NtOpenThread: {Access Denied} A process has requested access to an object, but has not been granted those access rights. (0xc0000022)
[0525/142631.328:ERROR:exception_snapshot_win.cc(98)] thread ID 4680 not found in process
[0525/142631.342:ERROR:process_reader_win.cc(123)] NtOpenThread: {Access Denied} A process has requested access to an object, but has not been granted those access rights. (0xc0000022)
[0525/142631.342:ERROR:exception_snapshot_win.cc(98)] thread ID 11944 not found in process
[0526/095126.320:ERROR:process_reader_win.cc(123)] NtOpenThread: {Access Denied} A process has requested access to an object, but has not been granted those access rights. (0xc0000022)
[0526/095126.329:ERROR:exception_snapshot_win.cc(98)] thread ID 18692 not found in process
[0526/095126.335:ERROR:process_reader_win.cc(123)] NtOpenThread: {Access Denied} A process has requested access to an object, but has not been granted those access rights. (0xc0000022)
[0526/095126.335:ERROR:exception_snapshot_win.cc(98)] thread ID 18608 not found in process
[0526/100532.051:ERROR:process_reader_win.cc(123)] NtOpenThread: {Access Denied} A process has requested access to an object, but has not been granted those access rights. (0xc0000022)
[0526/100532.052:ERROR:exception_snapshot_win.cc(98)] thread ID 25956 not found in process
[0526/100532.067:ERROR:process_reader_win.cc(123)] NtOpenThread: {Access Denied} A process has requested access to an object, but has not been granted those access rights. (0xc0000022)
[0526/100532.067:ERROR:exception_snapshot_win.cc(98)] thread ID 11468 not found in process
[0526/120349.770:ERROR:process_reader_win.cc(123)] NtOpenThread: {Access Denied} A process has requested access to an object, but has not been granted those access rights. (0xc0000022)
[0526/120349.794:ERROR:exception_snapshot_win.cc(98)] thread ID 23928 not found in process
[0526/120349.807:ERROR:process_reader_win.cc(123)] NtOpenThread: {Access Denied} A process has requested access to an object, but has not been granted those access rights. (0xc0000022)
[0526/120349.807:ERROR:exception_snapshot_win.cc(98)] thread ID 8844 not found in process
[0526/120349.841:ERROR:process_reader_win.cc(123)] NtOpenThread: {Access Denied} A process has requested access to an object, but has not been granted those access rights. (0xc0000022)
[0526/120349.841:ERROR:exception_snapshot_win.cc(98)] thread ID 26492 not found in process
[0526/120351.240:ERROR:process_reader_win.cc(123)] NtOpenThread: {Access Denied} A process has requested access to an object, but has not been granted those access rights. (0xc0000022)
[0526/120351.240:ERROR:exception_snapshot_win.cc(98)] thread ID 25452 not found in process
[0528/105856.827:ERROR:process_reader_win.cc(151)] SuspendThread: Access is denied. (0x5)
[0528/105856.833:ERROR:process_reader_win.cc(151)] SuspendThread: Access is denied. (0x5)
[0528/105856.833:ERROR:process_reader_win.cc(123)] NtOpenThread: {Access Denied} A process has requested access to an object, but has not been granted those access rights. (0xc0000022)
[0528/105856.834:ERROR:exception_snapshot_win.cc(98)] thread ID 5584 not found in process
[0528/105856.855:ERROR:process_reader_win.cc(123)] NtOpenThread: {Access Denied} A process has requested access to an object, but has not been granted those access rights. (0xc0000022)
[0528/105856.855:ERROR:exception_snapshot_win.cc(98)] thread ID 14608 not found in process
[0528/134106.686:ERROR:process_reader_win.cc(151)] SuspendThread: Access is denied. (0x5)
[0528/134106.692:ERROR:process_reader_win.cc(151)] SuspendThread: Access is denied. (0x5)
[0528/134106.692:ERROR:process_reader_win.cc(123)] NtOpenThread: {Access Denied} A process has requested access to an object, but has not been granted those access rights. (0xc0000022)
[0528/134106.693:ERROR:exception_snapshot_win.cc(98)] thread ID 24196 not found in process
[0528/134106.704:ERROR:process_reader_win.cc(123)] NtOpenThread: {Access Denied} A process has requested access to an object, but has not been granted those access rights. (0xc0000022)
[0528/134106.704:ERROR:exception_snapshot_win.cc(98)] thread ID 11964 not found in process
[0528/165616.844:ERROR:process_reader_win.cc(151)] SuspendThread: Access is denied. (0x5)
[0528/165616.855:ERROR:process_reader_win.cc(151)] SuspendThread: Access is denied. (0x5)
[0528/165616.855:ERROR:process_reader_win.cc(123)] NtOpenThread: {Access Denied} A process has requested access to an object, but has not been granted those access rights. (0xc0000022)
[0528/165616.856:ERROR:exception_snapshot_win.cc(98)] thread ID 3888 not found in process
[0528/165616.868:ERROR:process_reader_win.cc(123)] NtOpenThread: {Access Denied} A process has requested access to an object, but has not been granted those access rights. (0xc0000022)
[0528/165616.869:ERROR:exception_snapshot_win.cc(98)] thread ID 18892 not found in process
[0528/165830.010:ERROR:process_reader_win.cc(151)] SuspendThread: Access is denied. (0x5)
[0528/165830.010:ERROR:process_reader_win.cc(151)] SuspendThread: Access is denied. (0x5)
[0528/165830.010:ERROR:process_reader_win.cc(123)] NtOpenThread: {Access Denied} A process has requested access to an object, but has not been granted those access rights. (0xc0000022)
[0528/165830.010:ERROR:exception_snapshot_win.cc(98)] thread ID 23216 not found in process
[0528/165830.034:ERROR:process_reader_win.cc(123)] NtOpenThread: {Access Denied} A process has requested access to an object, but has not been granted those access rights. (0xc0000022)
[0528/165830.034:ERROR:exception_snapshot_win.cc(98)] thread ID 21652 not found in process
[0528/170356.942:ERROR:process_reader_win.cc(123)] NtOpenThread: {Access Denied} A process has requested access to an object, but has not been granted those access rights. (0xc0000022)
[0528/170356.943:ERROR:exception_snapshot_win.cc(98)] thread ID 25080 not found in process
[0528/170356.969:ERROR:process_reader_win.cc(123)] NtOpenThread: {Access Denied} A process has requested access to an object, but has not been granted those access rights. (0xc0000022)
[0528/170356.970:ERROR:exception_snapshot_win.cc(98)] thread ID 25772 not found in process
[0528/172808.974:ERROR:process_reader_win.cc(123)] NtOpenThread: {Access Denied} A process has requested access to an object, but has not been granted those access rights. (0xc0000022)
[0528/172809.002:ERROR:process_reader_win.cc(123)] NtOpenThread: {Access Denied} A process has requested access to an object, but has not been granted those access rights. (0xc0000022)
[0528/172809.004:ERROR:exception_snapshot_win.cc(98)] thread ID 16796 not found in process
[0528/172809.004:ERROR:exception_snapshot_win.cc(98)] thread ID 6248 not found in process
[0528/174315.818:ERROR:process_reader_win.cc(123)] NtOpenThread: {Access Denied} A process has requested access to an object, but has not been granted those access rights. (0xc0000022)
[0528/174315.827:ERROR:exception_snapshot_win.cc(98)] thread ID 19132 not found in process
[0528/174315.840:ERROR:process_reader_win.cc(123)] NtOpenThread: {Access Denied} A process has requested access to an object, but has not been granted those access rights. (0xc0000022)
[0528/174315.841:ERROR:exception_snapshot_win.cc(98)] thread ID 20672 not found in process
[0528/174417.908:ERROR:process_reader_win.cc(123)] NtOpenThread: {Access Denied} A process has requested access to an object, but has not been granted those access rights. (0xc0000022)
[0528/174417.909:ERROR:exception_snapshot_win.cc(98)] thread ID 15228 not found in process
[0528/174417.927:ERROR:process_reader_win.cc(123)] NtOpenThread: {Access Denied} A process has requested access to an object, but has not been granted those access rights. (0xc0000022)
[0528/174417.927:ERROR:exception_snapshot_win.cc(98)] thread ID 22232 not found in process
[0528/175013.792:ERROR:process_reader_win.cc(151)] SuspendThread: Access is denied. (0x5)
[0528/175013.795:ERROR:process_reader_win.cc(151)] SuspendThread: Access is denied. (0x5)
[0528/175013.795:ERROR:process_reader_win.cc(123)] NtOpenThread: {Access Denied} A process has requested access to an object, but has not been granted those access rights. (0xc0000022)
[0528/175013.795:ERROR:exception_snapshot_win.cc(98)] thread ID 18464 not found in process
[0528/175013.827:ERROR:process_reader_win.cc(123)] NtOpenThread: {Access Denied} A process has requested access to an object, but has not been granted those access rights. (0xc0000022)
[0528/175013.827:ERROR:exception_snapshot_win.cc(98)] thread ID 17024 not found in process
[0528/175142.628:ERROR:process_reader_win.cc(123)] NtOpenThread: {Access Denied} A process has requested access to an object, but has not been granted those access rights. (0xc0000022)
[0528/175142.629:ERROR:exception_snapshot_win.cc(98)] thread ID 8172 not found in process
[0528/175142.645:ERROR:process_reader_win.cc(123)] NtOpenThread: {Access Denied} A process has requested access to an object, but has not been granted those access rights. (0xc0000022)
[0528/175142.645:ERROR:exception_snapshot_win.cc(98)] thread ID 27204 not found in process
[0528/180444.853:ERROR:process_reader_win.cc(151)] SuspendThread: Access is denied. (0x5)
[0528/180444.854:ERROR:process_reader_win.cc(123)] NtOpenThread: {Access Denied} A process has requested access to an object, but has not been granted those access rights. (0xc0000022)
[0528/180444.855:ERROR:exception_snapshot_win.cc(98)] thread ID 27984 not found in process
[0528/180444.856:ERROR:process_reader_win.cc(151)] SuspendThread: Access is denied. (0x5)
[0528/180444.856:ERROR:process_reader_win.cc(151)] SuspendThread: Access is denied. (0x5)
[0528/180444.856:ERROR:process_reader_win.cc(151)] SuspendThread: Access is denied. (0x5)
[0528/180444.856:ERROR:process_reader_win.cc(123)] NtOpenThread: {Access Denied} A process has requested access to an object, but has not been granted those access rights. (0xc0000022)
[0528/180444.856:ERROR:exception_snapshot_win.cc(98)] thread ID 19868 not found in process
[0528/180847.181:ERROR:process_reader_win.cc(151)] SuspendThread: Access is denied. (0x5)
[0528/180847.181:ERROR:process_reader_win.cc(151)] SuspendThread: Access is denied. (0x5)
[0528/180847.181:ERROR:process_reader_win.cc(123)] NtOpenThread: {Access Denied} A process has requested access to an object, but has not been granted those access rights. (0xc0000022)
[0528/180847.182:ERROR:exception_snapshot_win.cc(98)] thread ID 4024 not found in process
[0528/180847.184:ERROR:process_reader_win.cc(123)] NtOpenThread: {Access Denied} A process has requested access to an object, but has not been granted those access rights. (0xc0000022)
[0528/180847.184:ERROR:exception_snapshot_win.cc(98)] thread ID 25124 not found in process
[0528/180847.208:ERROR:process_reader_win.cc(123)] NtOpenThread: {Access Denied} A process has requested access to an object, but has not been granted those access rights. (0xc0000022)
[0528/180847.208:ERROR:exception_snapshot_win.cc(98)] thread ID 28984 not found in process
[0528/181015.874:ERROR:process_reader_win.cc(151)] SuspendThread: Access is denied. (0x5)
[0528/181015.875:ERROR:process_reader_win.cc(123)] NtOpenThread: {Access Denied} A process has requested access to an object, but has not been granted those access rights. (0xc0000022)
[0528/181015.875:ERROR:exception_snapshot_win.cc(98)] thread ID 4756 not found in process
[0528/181015.897:ERROR:process_reader_win.cc(123)] NtOpenThread: {Access Denied} A process has requested access to an object, but has not been granted those access rights. (0xc0000022)
[0528/181015.897:ERROR:exception_snapshot_win.cc(98)] thread ID 1780 not found in process
[0529/095947.470:ERROR:process_reader_win.cc(151)] SuspendThread: Access is denied. (0x5)
[0529/095947.474:ERROR:process_reader_win.cc(151)] SuspendThread: Access is denied. (0x5)
[0529/095947.474:ERROR:process_reader_win.cc(123)] NtOpenThread: {Access Denied} A process has requested access to an object, but has not been granted those access rights. (0xc0000022)
[0529/095947.475:ERROR:exception_snapshot_win.cc(98)] thread ID 16592 not found in process
[0529/095947.482:ERROR:process_reader_win.cc(151)] SuspendThread: Access is denied. (0x5)
[0529/095947.482:ERROR:process_reader_win.cc(123)] NtOpenThread: {Access Denied} A process has requested access to an object, but has not been granted those access rights. (0xc0000022)
[0529/095947.482:ERROR:exception_snapshot_win.cc(98)] thread ID 24540 not found in process
[0529/095947.484:ERROR:process_reader_win.cc(151)] SuspendThread: Access is denied. (0x5)
[0529/095947.485:ERROR:process_reader_win.cc(151)] SuspendThread: Access is denied. (0x5)
[0529/095947.485:ERROR:process_reader_win.cc(151)] SuspendThread: Access is denied. (0x5)
[0529/095947.485:ERROR:process_reader_win.cc(151)] SuspendThread: Access is denied. (0x5)
[0529/095947.485:ERROR:process_reader_win.cc(123)] NtOpenThread: {Access Denied} A process has requested access to an object, but has not been granted those access rights. (0xc0000022)
[0529/095947.485:ERROR:exception_snapshot_win.cc(98)] thread ID 17996 not found in process
[0529/141804.253:ERROR:process_reader_win.cc(151)] SuspendThread: Access is denied. (0x5)
[0529/141804.260:ERROR:process_reader_win.cc(123)] NtOpenThread: {Access Denied} A process has requested access to an object, but has not been granted those access rights. (0xc0000022)
[0529/141804.265:ERROR:exception_snapshot_win.cc(98)] thread ID 15268 not found in process
[0529/141804.271:ERROR:process_reader_win.cc(123)] NtOpenThread: {Access Denied} A process has requested access to an object, but has not been granted those access rights. (0xc0000022)
[0529/141804.271:ERROR:exception_snapshot_win.cc(98)] thread ID 800 not found in process
[0529/141804.282:ERROR:process_reader_win.cc(123)] NtOpenThread: {Access Denied} A process has requested access to an object, but has not been granted those access rights. (0xc0000022)
[0529/141804.282:ERROR:exception_snapshot_win.cc(98)] thread ID 24152 not found in process
[0602/150145.150:ERROR:process_reader_win.cc(123)] NtOpenThread: {Access Denied} A process has requested access to an object, but has not been granted those access rights. (0xc0000022)
[0602/150145.151:ERROR:exception_snapshot_win.cc(98)] thread ID 23284 not found in process
[0602/150145.174:ERROR:process_reader_win.cc(123)] NtOpenThread: {Access Denied} A process has requested access to an object, but has not been granted those access rights. (0xc0000022)
[0602/150145.174:ERROR:exception_snapshot_win.cc(98)] thread ID 27908 not found in process
[0602/153941.027:ERROR:process_reader_win.cc(151)] SuspendThread: Access is denied. (0x5)
[0602/153941.028:ERROR:process_reader_win.cc(151)] SuspendThread: Access is denied. (0x5)
[0602/153941.028:ERROR:process_reader_win.cc(123)] NtOpenThread: {Access Denied} A process has requested access to an object, but has not been granted those access rights. (0xc0000022)
[0602/153941.028:ERROR:exception_snapshot_win.cc(98)] thread ID 5104 not found in process
[0602/153941.044:ERROR:process_reader_win.cc(123)] NtOpenThread: {Access Denied} A process has requested access to an object, but has not been granted those access rights. (0xc0000022)
[0602/153941.045:ERROR:exception_snapshot_win.cc(98)] thread ID 18276 not found in process
[0602/155102.607:ERROR:process_reader_win.cc(151)] SuspendThread: Access is denied. (0x5)
[0602/155102.607:ERROR:process_reader_win.cc(123)] NtOpenThread: {Access Denied} A process has requested access to an object, but has not been granted those access rights. (0xc0000022)
[0602/155102.608:ERROR:exception_snapshot_win.cc(98)] thread ID 26256 not found in process
[0602/155102.625:ERROR:process_reader_win.cc(123)] NtOpenThread: {Access Denied} A process has requested access to an object, but has not been granted those access rights. (0xc0000022)
[0602/155102.625:ERROR:exception_snapshot_win.cc(98)] thread ID 18852 not found in process
[0602/155747.206:ERROR:process_reader_win.cc(123)] NtOpenThread: {Access Denied} A process has requested access to an object, but has not been granted those access rights. (0xc0000022)
[0602/155747.207:ERROR:exception_snapshot_win.cc(98)] thread ID 29028 not found in process
[0602/155747.225:ERROR:process_reader_win.cc(123)] NtOpenThread: {Access Denied} A process has requested access to an object, but has not been granted those access rights. (0xc0000022)
[0602/155747.226:ERROR:exception_snapshot_win.cc(98)] thread ID 5516 not found in process
[0604/150644.461:ERROR:process_reader_win.cc(151)] SuspendThread: Access is denied. (0x5)
[0604/150644.474:ERROR:process_reader_win.cc(123)] NtOpenThread: {Access Denied} A process has requested access to an object, but has not been granted those access rights. (0xc0000022)
[0604/150644.487:ERROR:exception_snapshot_win.cc(98)] thread ID 10116 not found in process
[0604/150644.488:ERROR:process_reader_win.cc(151)] SuspendThread: Access is denied. (0x5)
[0604/150644.488:ERROR:process_reader_win.cc(123)] NtOpenThread: {Access Denied} A process has requested access to an object, but has not been granted those access rights. (0xc0000022)
[0604/150644.488:ERROR:exception_snapshot_win.cc(98)] thread ID 12104 not found in process
[0604/151042.200:ERROR:process_reader_win.cc(151)] SuspendThread: Access is denied. (0x5)
[0604/151042.201:ERROR:process_reader_win.cc(151)] SuspendThread: Access is denied. (0x5)
[0604/151042.201:ERROR:process_reader_win.cc(151)] SuspendThread: Access is denied. (0x5)
[0604/151042.201:ERROR:process_reader_win.cc(151)] SuspendThread: Access is denied. (0x5)
[0604/151042.201:ERROR:process_reader_win.cc(123)] NtOpenThread: {Access Denied} A process has requested access to an object, but has not been granted those access rights. (0xc0000022)
[0604/151042.201:ERROR:exception_snapshot_win.cc(98)] thread ID 6128 not found in process
[0604/151042.206:ERROR:process_reader_win.cc(151)] SuspendThread: Access is denied. (0x5)
[0604/151042.207:ERROR:process_reader_win.cc(151)] SuspendThread: Access is denied. (0x5)
[0604/151042.207:ERROR:process_reader_win.cc(123)] NtOpenThread: {Access Denied} A process has requested access to an object, but has not been granted those access rights. (0xc0000022)
[0604/151042.207:ERROR:exception_snapshot_win.cc(98)] thread ID 7436 not found in process
[0604/161754.691:ERROR:process_reader_win.cc(123)] NtOpenThread: {Access Denied} A process has requested access to an object, but has not been granted those access rights. (0xc0000022)
[0604/161754.692:ERROR:exception_snapshot_win.cc(98)] thread ID 9904 not found in process
[0604/161754.716:ERROR:process_reader_win.cc(123)] NtOpenThread: {Access Denied} A process has requested access to an object, but has not been granted those access rights. (0xc0000022)
[0604/161754.716:ERROR:exception_snapshot_win.cc(98)] thread ID 8268 not found in process
[0608/092633.106:ERROR:process_reader_win.cc(151)] SuspendThread: Access is denied. (0x5)
[0608/092633.111:ERROR:process_reader_win.cc(151)] SuspendThread: Access is denied. (0x5)
[0608/092633.111:ERROR:process_reader_win.cc(123)] NtOpenThread: {Access Denied} A process has requested access to an object, but has not been granted those access rights. (0xc0000022)
[0608/092633.113:ERROR:exception_snapshot_win.cc(98)] thread ID 14716 not found in process
[0608/092633.123:ERROR:process_reader_win.cc(123)] NtOpenThread: {Access Denied} A process has requested access to an object, but has not been granted those access rights. (0xc0000022)
[0608/092633.131:ERROR:exception_snapshot_win.cc(98)] thread ID 4156 not found in process
[0608/092633.130:ERROR:process_reader_win.cc(123)] NtOpenThread: {Access Denied} A process has requested access to an object, but has not been granted those access rights. (0xc0000022)
[0608/092633.131:ERROR:exception_snapshot_win.cc(98)] thread ID 9720 not found in process
[0608/174609.603:ERROR:process_reader_win.cc(151)] SuspendThread: Access is denied. (0x5)
[0608/174609.604:ERROR:process_reader_win.cc(151)] SuspendThread: Access is denied. (0x5)
[0608/174609.604:ERROR:process_reader_win.cc(123)] NtOpenThread: {Access Denied} A process has requested access to an object, but has not been granted those access rights. (0xc0000022)
[0608/174609.604:ERROR:exception_snapshot_win.cc(98)] thread ID 14044 not found in process
[0608/174609.635:ERROR:process_reader_win.cc(151)] SuspendThread: Access is denied. (0x5)
[0608/174609.635:ERROR:process_reader_win.cc(151)] SuspendThread: Access is denied. (0x5)
[0608/174609.635:ERROR:process_reader_win.cc(151)] SuspendThread: Access is denied. (0x5)
[0608/174609.635:ERROR:process_reader_win.cc(151)] SuspendThread: Access is denied. (0x5)
[0608/174609.635:ERROR:process_reader_win.cc(151)] SuspendThread: Access is denied. (0x5)
[0608/174609.635:ERROR:process_reader_win.cc(123)] NtOpenThread: {Access Denied} A process has requested access to an object, but has not been granted those access rights. (0xc0000022)
[0608/174609.639:ERROR:exception_snapshot_win.cc(98)] thread ID 12764 not found in process
[0608/175501.640:ERROR:process_reader_win.cc(151)] SuspendThread: Access is denied. (0x5)
[0608/175501.641:ERROR:process_reader_win.cc(151)] SuspendThread: Access is denied. (0x5)
[0608/175501.641:ERROR:process_reader_win.cc(123)] NtOpenThread: {Access Denied} A process has requested access to an object, but has not been granted those access rights. (0xc0000022)
[0608/175501.643:ERROR:exception_snapshot_win.cc(98)] thread ID 14784 not found in process
[0608/175501.659:ERROR:process_reader_win.cc(123)] NtOpenThread: {Access Denied} A process has requested access to an object, but has not been granted those access rights. (0xc0000022)
[0608/175501.659:ERROR:exception_snapshot_win.cc(98)] thread ID 2348 not found in process
[0608/195820.213:ERROR:process_reader_win.cc(151)] SuspendThread: Access is denied. (0x5)
[0608/195820.215:ERROR:process_reader_win.cc(151)] SuspendThread: Access is denied. (0x5)
[0608/195820.215:ERROR:process_reader_win.cc(151)] SuspendThread: Access is denied. (0x5)
[0608/195820.215:ERROR:process_reader_win.cc(123)] NtOpenThread: {Access Denied} A process has requested access to an object, but has not been granted those access rights. (0xc0000022)
[0608/195820.216:ERROR:exception_snapshot_win.cc(98)] thread ID 2108 not found in process
[0608/195820.231:ERROR:process_reader_win.cc(151)] SuspendThread: Access is denied. (0x5)
[0608/195820.231:ERROR:process_reader_win.cc(151)] SuspendThread: Access is denied. (0x5)
[0608/195820.231:ERROR:process_reader_win.cc(123)] NtOpenThread: {Access Denied} A process has requested access to an object, but has not been granted those access rights. (0xc0000022)
[0608/195820.231:ERROR:exception_snapshot_win.cc(98)] thread ID 27580 not found in process
[0609/135455.884:ERROR:process_reader_win.cc(123)] NtOpenThread: {Access Denied} A process has requested access to an object, but has not been granted those access rights. (0xc0000022)
[0609/135455.884:ERROR:exception_snapshot_win.cc(98)] thread ID 8436 not found in process
[0609/135455.898:ERROR:process_reader_win.cc(123)] NtOpenThread: {Access Denied} A process has requested access to an object, but has not been granted those access rights. (0xc0000022)
[0609/135455.899:ERROR:exception_snapshot_win.cc(98)] thread ID 2244 not found in process
[0617/133609.963:ERROR:process_reader_win.cc(123)] NtOpenThread: {Access Denied} A process has requested access to an object, but has not been granted those access rights. (0xc0000022)
[0617/133609.971:ERROR:exception_snapshot_win.cc(98)] thread ID 12052 not found in process
[0617/133609.986:ERROR:process_reader_win.cc(123)] NtOpenThread: {Access Denied} A process has requested access to an object, but has not been granted those access rights. (0xc0000022)
[0617/133609.986:ERROR:exception_snapshot_win.cc(98)] thread ID 15620 not found in process
[0622/152723.986:ERROR:process_reader_win.cc(151)] SuspendThread: Access is denied. (0x5)
[0622/152723.993:ERROR:process_reader_win.cc(151)] SuspendThread: Access is denied. (0x5)
[0622/152723.993:ERROR:process_reader_win.cc(123)] NtOpenThread: {Access Denied} A process has requested access to an object, but has not been granted those access rights. (0xc0000022)
[0622/152723.994:ERROR:exception_snapshot_win.cc(98)] thread ID 10576 not found in process
[0622/152724.019:ERROR:process_reader_win.cc(151)] SuspendThread: Access is denied. (0x5)
[0622/152724.020:ERROR:process_reader_win.cc(151)] SuspendThread: Access is denied. (0x5)
[0622/152724.020:ERROR:process_reader_win.cc(151)] SuspendThread: Access is denied. (0x5)
[0622/152724.020:ERROR:process_reader_win.cc(151)] SuspendThread: Access is denied. (0x5)
[0622/152724.020:ERROR:process_reader_win.cc(151)] SuspendThread: Access is denied. (0x5)
[0622/152724.020:ERROR:process_reader_win.cc(123)] NtOpenThread: {Access Denied} A process has requested access to an object, but has not been granted those access rights. (0xc0000022)
[0622/152724.020:ERROR:exception_snapshot_win.cc(98)] thread ID 1820 not found in process
[0629/180125.342:ERROR:process_reader_win.cc(123)] NtOpenThread: {Access Denied} A process has requested access to an object, but has not been granted those access rights. (0xc0000022)
[0629/180125.372:ERROR:exception_snapshot_win.cc(98)] thread ID 16104 not found in process
[0629/180125.373:ERROR:scoped_process_suspend.cc(40)] NtResumeProcess: An attempt was made to access an exiting process. (0xc000010a)
[0630/130833.167:ERROR:process_reader_win.cc(123)] NtOpenThread: {Access Denied} A process has requested access to an object, but has not been granted those access rights. (0xc0000022)
[0630/130833.181:ERROR:exception_snapshot_win.cc(98)] thread ID 11940 not found in process
[0630/130833.196:ERROR:process_reader_win.cc(123)] NtOpenThread: {Access Denied} A process has requested access to an object, but has not been granted those access rights. (0xc0000022)
[0630/130833.196:ERROR:exception_snapshot_win.cc(98)] thread ID 6996 not found in process
[0630/130954.665:ERROR:process_reader_win.cc(151)] SuspendThread: Access is denied. (0x5)
[0630/130954.667:ERROR:process_reader_win.cc(151)] SuspendThread: Access is denied. (0x5)
[0630/130954.667:ERROR:process_reader_win.cc(123)] NtOpenThread: {Access Denied} A process has requested access to an object, but has not been granted those access rights. (0xc0000022)
[0630/130954.667:ERROR:exception_snapshot_win.cc(98)] thread ID 11152 not found in process
[0630/130954.686:ERROR:process_reader_win.cc(123)] NtOpenThread: {Access Denied} A process has requested access to an object, but has not been granted those access rights. (0xc0000022)
[0630/130954.686:ERROR:exception_snapshot_win.cc(98)] thread ID 9444 not found in process
[0630/135627.098:ERROR:process_reader_win.cc(151)] SuspendThread: Access is denied. (0x5)
[0630/135627.099:ERROR:process_reader_win.cc(151)] SuspendThread: Access is denied. (0x5)
[0630/135627.099:ERROR:process_reader_win.cc(123)] NtOpenThread: {Access Denied} A process has requested access to an object, but has not been granted those access rights. (0xc0000022)
[0630/135627.100:ERROR:exception_snapshot_win.cc(98)] thread ID 12164 not found in process
[0630/135627.123:ERROR:process_reader_win.cc(123)] NtOpenThread: {Access Denied} A process has requested access to an object, but has not been granted those access rights. (0xc0000022)
[0630/135627.123:ERROR:exception_snapshot_win.cc(98)] thread ID 11524 not found in process
[0630/142104.034:ERROR:process_reader_win.cc(151)] SuspendThread: Access is denied. (0x5)
[0630/142104.036:ERROR:process_reader_win.cc(151)] SuspendThread: Access is denied. (0x5)
[0630/142104.036:ERROR:process_reader_win.cc(123)] NtOpenThread: {Access Denied} A process has requested access to an object, but has not been granted those access rights. (0xc0000022)
[0630/142104.038:ERROR:exception_snapshot_win.cc(98)] thread ID 2628 not found in process
[0630/142104.054:ERROR:process_reader_win.cc(151)] SuspendThread: Access is denied. (0x5)
[0630/142104.054:ERROR:process_reader_win.cc(151)] SuspendThread: Access is denied. (0x5)
[0630/142104.054:ERROR:process_reader_win.cc(151)] SuspendThread: Access is denied. (0x5)
[0630/142104.054:ERROR:process_reader_win.cc(151)] SuspendThread: Access is denied. (0x5)
[0630/142104.054:ERROR:process_reader_win.cc(123)] NtOpenThread: {Access Denied} A process has requested access to an object, but has not been granted those access rights. (0xc0000022)
[0630/142104.054:ERROR:exception_snapshot_win.cc(98)] thread ID 11812 not found in process
[0702/165911.629:ERROR:process_reader_win.cc(123)] NtOpenThread: {Access Denied} A process has requested access to an object, but has not been granted those access rights. (0xc0000022)
[0702/165911.642:ERROR:exception_snapshot_win.cc(98)] thread ID 10084 not found in process
[0702/165911.650:ERROR:process_reader_win.cc(123)] NtOpenThread: {Access Denied} A process has requested access to an object, but has not been granted those access rights. (0xc0000022)
[0702/165911.651:ERROR:exception_snapshot_win.cc(98)] thread ID 11292 not found in process
[0707/102912.919:ERROR:process_reader_win.cc(151)] SuspendThread: Access is denied. (0x5)
[0707/102912.942:ERROR:process_reader_win.cc(151)] SuspendThread: Access is denied. (0x5)
[0707/102912.942:ERROR:process_reader_win.cc(151)] SuspendThread: Access is denied. (0x5)
[0707/102912.942:ERROR:process_reader_win.cc(151)] SuspendThread: Access is denied. (0x5)
[0707/102912.942:ERROR:process_reader_win.cc(151)] SuspendThread: Access is denied. (0x5)
[0707/102912.942:ERROR:process_reader_win.cc(151)] SuspendThread: Access is denied. (0x5)
[0707/102912.942:ERROR:process_reader_win.cc(151)] SuspendThread: Access is denied. (0x5)
[0707/102912.942:ERROR:process_reader_win.cc(151)] SuspendThread: Access is denied. (0x5)
[0707/102912.942:ERROR:process_reader_win.cc(151)] SuspendThread: Access is denied. (0x5)
[0707/102912.942:ERROR:process_reader_win.cc(151)] SuspendThread: Access is denied. (0x5)
[0707/102912.942:ERROR:process_reader_win.cc(151)] SuspendThread: Access is denied. (0x5)
[0707/102912.942:ERROR:process_reader_win.cc(151)] SuspendThread: Access is denied. (0x5)
[0707/102912.942:ERROR:process_reader_win.cc(151)] SuspendThread: Access is denied. (0x5)
[0707/102912.928:ERROR:process_reader_win.cc(151)] SuspendThread: Access is denied. (0x5)
[0707/102912.942:ERROR:process_reader_win.cc(151)] SuspendThread: Access is denied. (0x5)
[0707/102912.943:ERROR:process_reader_win.cc(151)] SuspendThread: Access is denied. (0x5)
[0707/102912.943:ERROR:process_reader_win.cc(151)] SuspendThread: Access is denied. (0x5)
[0707/102912.943:ERROR:process_reader_win.cc(123)] NtOpenThread: {Access Denied} A process has requested access to an object, but has not been granted those access rights. (0xc0000022)
[0707/102912.943:ERROR:process_reader_win.cc(123)] NtOpenThread: {Access Denied} A process has requested access to an object, but has not been granted those access rights. (0xc0000022)
[0707/102912.943:ERROR:exception_snapshot_win.cc(98)] thread ID 9820 not found in process
[0707/102912.943:ERROR:exception_snapshot_win.cc(98)] thread ID 7344 not found in process
